[ WARN ] Failed to fetch value for field: Sym.Dev.Rental_Start_Date
[ WARN ] Traceback (most recent call last):
  File "C:\EID_Replay\EID_Parry\Execution\Access_Data.py", line 58, in get_data
    field_value = eval(command)
                  ^^^^^^^^^^^^^
  File "<string>", line 1, in <module>
AttributeError: module 'Data.Symphony.Dev' has no attribute 'Rental_Start_Date'

[ WARN ] Failed to fetch value for field: Sym.Dev.Rental_Start_Date
[ WARN ] Traceback (most recent call last):
  File "C:\EID_Replay\EID_Parry\Execution\Access_Data.py", line 58, in get_data
    field_value = eval(command)
                  ^^^^^^^^^^^^^
  File "<string>", line 1, in <module>
AttributeError: module 'Data.Symphony.Dev' has no attribute 'Rental_Start_Date'

[ WARN ] Failed to fetch value for field: Sym.Dev.Rental_Start_Date
[ WARN ] Traceback (most recent call last):
  File "C:\EID_Replay\EID_Parry\Execution\Access_Data.py", line 58, in get_data
    field_value = eval(command)
                  ^^^^^^^^^^^^^
  File "<string>", line 1, in <module>
AttributeError: module 'Data.Symphony.Dev' has no attribute 'Rental_Start_Date'

[ WARN ] Failed to fetch value for field: Sym.Dev.Rental_Start_Date
[ WARN ] Traceback (most recent call last):
  File "C:\EID_Replay\EID_Parry\Execution\Access_Data.py", line 58, in get_data
    field_value = eval(command)
                  ^^^^^^^^^^^^^
  File "<string>", line 1, in <module>
AttributeError: module 'Data.Symphony.Dev' has no attribute 'Rental_Start_Date'

[ WARN ] Failed to fetch value for field: Sym.Dev.Rental_Start_Date
[ WARN ] Traceback (most recent call last):
  File "C:\EID_Replay\EID_Parry\Execution\Access_Data.py", line 58, in get_data
    field_value = eval(command)
                  ^^^^^^^^^^^^^
  File "<string>", line 1, in <module>
AttributeError: module 'Data.Symphony.Dev' has no attribute 'Rental_Start_Date'

[ WARN ] Failed to fetch value for field: Sym.Dev.Rental_Start_Date
[ WARN ] Traceback (most recent call last):
  File "C:\EID_Replay\EID_Parry\Execution\Access_Data.py", line 58, in get_data
    field_value = eval(command)
                  ^^^^^^^^^^^^^
  File "<string>", line 1, in <module>
AttributeError: module 'Data.Symphony.Dev' has no attribute 'Rental_Start_Date'

[ WARN ] Failed to fetch value for field: Sym.Dev.Rental_Start_Date
[ WARN ] Traceback (most recent call last):
  File "C:\EID_Replay\EID_Parry\Execution\Access_Data.py", line 58, in get_data
    field_value = eval(command)
                  ^^^^^^^^^^^^^
  File "<string>", line 1, in <module>
AttributeError: module 'Data.Symphony.Dev' has no attribute 'Rental_Start_Date'

[ WARN ] Failed to fetch value for field: Sym.Dev.Rental_Start_Date
[ WARN ] Traceback (most recent call last):
  File "C:\EID_Replay\EID_Parry\Execution\Access_Data.py", line 58, in get_data
    field_value = eval(command)
                  ^^^^^^^^^^^^^
  File "<string>", line 1, in <module>
AttributeError: module 'Data.Symphony.Dev' has no attribute 'Rental_Start_Date'

[ WARN ] Failed to fetch value for field: Sym.Dev.Rental_Start_Date
[ WARN ] Traceback (most recent call last):
  File "C:\EID_Replay\EID_Parry\Execution\Access_Data.py", line 58, in get_data
    field_value = eval(command)
                  ^^^^^^^^^^^^^
  File "<string>", line 1, in <module>
AttributeError: module 'Data.Symphony.Dev' has no attribute 'Rental_Start_Date'

[ WARN ] Failed to fetch value for field: Sym.Dev.Rental_Start_Date
[ WARN ] Traceback (most recent call last):
  File "C:\EID_Replay\EID_Parry\Execution\Access_Data.py", line 58, in get_data
    field_value = eval(command)
                  ^^^^^^^^^^^^^
  File "<string>", line 1, in <module>
AttributeError: module 'Data.Symphony.Dev' has no attribute 'Rental_Start_Date'

[ WARN ] Failed to fetch value for field: Sym.Dev.Rental_Start_Date
[ WARN ] Traceback (most recent call last):
  File "C:\EID_Replay\EID_Parry\Execution\Access_Data.py", line 58, in get_data
    field_value = eval(command)
                  ^^^^^^^^^^^^^
  File "<string>", line 1, in <module>
AttributeError: module 'Data.Symphony.Dev' has no attribute 'Rental_Start_Date'

[ WARN ] Failed to fetch value for field: Sym.Dev.Rental_Start_Date
[ WARN ] Traceback (most recent call last):
  File "C:\EID_Replay\EID_Parry\Execution\Access_Data.py", line 58, in get_data
    field_value = eval(command)
                  ^^^^^^^^^^^^^
  File "<string>", line 1, in <module>
AttributeError: module 'Data.Symphony.Dev' has no attribute 'Rental_Start_Date'

[ WARN ] Failed to fetch value for field: Sym.Dev.Rental_Start_Date
[ WARN ] Traceback (most recent call last):
  File "C:\EID_Replay\EID_Parry\Execution\Access_Data.py", line 58, in get_data
    field_value = eval(command)
                  ^^^^^^^^^^^^^
  File "<string>", line 1, in <module>
AttributeError: module 'Data.Symphony.Dev' has no attribute 'Rental_Start_Date'

[ WARN ] Failed to fetch value for field: Sym.Dev.Rental_Start_Date
[ WARN ] Traceback (most recent call last):
  File "C:\EID_Replay\EID_Parry\Execution\Access_Data.py", line 58, in get_data
    field_value = eval(command)
                  ^^^^^^^^^^^^^
  File "<string>", line 1, in <module>
AttributeError: module 'Data.Symphony.Dev' has no attribute 'Rental_Start_Date'

[ WARN ] Failed to fetch value for field: Sym.Dev.Rental_Start_Date
[ WARN ] Traceback (most recent call last):
  File "C:\EID_Replay\EID_Parry\Execution\Access_Data.py", line 58, in get_data
    field_value = eval(command)
                  ^^^^^^^^^^^^^
  File "<string>", line 1, in <module>
AttributeError: module 'Data.Symphony.Dev' has no attribute 'Rental_Start_Date'

[ WARN ] Failed to fetch value for field: Sym.Dev.Rental_Start_Date
[ WARN ] Traceback (most recent call last):
  File "C:\EID_Replay\EID_Parry\Execution\Access_Data.py", line 58, in get_data
    field_value = eval(command)
                  ^^^^^^^^^^^^^
  File "<string>", line 1, in <module>
AttributeError: module 'Data.Symphony.Dev' has no attribute 'Rental_Start_Date'

[ WARN ] Failed to fetch value for field: Sym.Dev.Rental_Start_Date
[ WARN ] Traceback (most recent call last):
  File "C:\EID_Replay\EID_Parry\Execution\Access_Data.py", line 58, in get_data
    field_value = eval(command)
                  ^^^^^^^^^^^^^
  File "<string>", line 1, in <module>
AttributeError: module 'Data.Symphony.Dev' has no attribute 'Rental_Start_Date'

[ WARN ] Failed to fetch value for field: Sym.Dev.Rental_Start_Date
[ WARN ] Traceback (most recent call last):
  File "C:\EID_Replay\EID_Parry\Execution\Access_Data.py", line 58, in get_data
    field_value = eval(command)
                  ^^^^^^^^^^^^^
  File "<string>", line 1, in <module>
AttributeError: module 'Data.Symphony.Dev' has no attribute 'Rental_Start_Date'

[ WARN ] Failed to fetch value for field: Sym.Dev.Rental_Start_Date
[ WARN ] Traceback (most recent call last):
  File "C:\EID_Replay\EID_Parry\Execution\Access_Data.py", line 58, in get_data
    field_value = eval(command)
                  ^^^^^^^^^^^^^
  File "<string>", line 1, in <module>
AttributeError: module 'Data.Symphony.Dev' has no attribute 'Rental_Start_Date'

[ WARN ] Failed to fetch value for field: Sym.Dev.Rental_Start_Date
[ WARN ] Traceback (most recent call last):
  File "C:\EID_Replay\EID_Parry\Execution\Access_Data.py", line 58, in get_data
    field_value = eval(command)
                  ^^^^^^^^^^^^^
  File "<string>", line 1, in <module>
AttributeError: module 'Data.Symphony.Dev' has no attribute 'Rental_Start_Date'

[ WARN ] Failed to fetch value for field: Sym.Dev.Rental_Start_Date
[ WARN ] Traceback (most recent call last):
  File "C:\EID_Replay\EID_Parry\Execution\Access_Data.py", line 58, in get_data
    field_value = eval(command)
                  ^^^^^^^^^^^^^
  File "<string>", line 1, in <module>
AttributeError: module 'Data.Symphony.Dev' has no attribute 'Rental_Start_Date'

[ WARN ] Failed to fetch value for field: Sym.Dev.Rental_Start_Date
[ WARN ] Traceback (most recent call last):
  File "C:\EID_Replay\EID_Parry\Execution\Access_Data.py", line 58, in get_data
    field_value = eval(command)
                  ^^^^^^^^^^^^^
  File "<string>", line 1, in <module>
AttributeError: module 'Data.Symphony.Dev' has no attribute 'Rental_Start_Date'

[ WARN ] Failed to fetch value for field: Sym.Dev.Rental_Start_Date
[ WARN ] Traceback (most recent call last):
  File "C:\EID_Replay\EID_Parry\Execution\Access_Data.py", line 58, in get_data
    field_value = eval(command)
                  ^^^^^^^^^^^^^
  File "<string>", line 1, in <module>
AttributeError: module 'Data.Symphony.Dev' has no attribute 'Rental_Start_Date'

[ WARN ] Failed to fetch value for field: Sym.Dev.Rental_Start_Date
[ WARN ] Traceback (most recent call last):
  File "C:\EID_Replay\EID_Parry\Execution\Access_Data.py", line 58, in get_data
    field_value = eval(command)
                  ^^^^^^^^^^^^^
  File "<string>", line 1, in <module>
AttributeError: module 'Data.Symphony.Dev' has no attribute 'Rental_Start_Date'

[ WARN ] Failed to fetch value for field: Sym.Dev.Rental_Start_Date
[ WARN ] Traceback (most recent call last):
  File "C:\EID_Replay\EID_Parry\Execution\Access_Data.py", line 58, in get_data
    field_value = eval(command)
                  ^^^^^^^^^^^^^
  File "<string>", line 1, in <module>
AttributeError: module 'Data.Symphony.Dev' has no attribute 'Rental_Start_Date'

[ WARN ] Failed to fetch value for field: Sym.Dev.Rental_Start_Date
[ WARN ] Traceback (most recent call last):
  File "C:\EID_Replay\EID_Parry\Execution\Access_Data.py", line 58, in get_data
    field_value = eval(command)
                  ^^^^^^^^^^^^^
  File "<string>", line 1, in <module>
AttributeError: module 'Data.Symphony.Dev' has no attribute 'Rental_Start_Date'

[ WARN ] Failed to fetch value for field: Sym.Dev.Rental_Start_Date
[ WARN ] Traceback (most recent call last):
  File "C:\EID_Replay\EID_Parry\Execution\Access_Data.py", line 58, in get_data
    field_value = eval(command)
                  ^^^^^^^^^^^^^
  File "<string>", line 1, in <module>
AttributeError: module 'Data.Symphony.Dev' has no attribute 'Rental_Start_Date'

