==============================================================================
Tests :: Testing functionality through Robot Framework                        
==============================================================================
Tests.Test Material Availability Description                                  
==============================================================================
  
  Traceback (most recent call last):
    ~~~~~~~~~~~~~~~~~~~~~~~~~~~~~~~~~~~~~~~~~~~~~~~~~~~~~~~~~~~~~~~~~~~~~~~~~~
    File  C:\EID_Replay\EID_Parry\Tests\Test_Material_Availability_Description.robot:5
      System Logon    
    ~~~~~~~~~~~~~~~~~~~~~~~~~~~~~~~~~~~~~~~~~~~~~~~~~~~~~~~~~~~~~~~~~~~~~~~~~~
    File  C:\EID_Replay\EID_Parry\Tests\Resource\Material_Availability_Description.robot:35
      Multiple Logon Handling    wnd[1]    wnd[1]/usr/radMULTI_LOGON_OPT2    wnd[1]/tbar[0]/btn[0]
______________________________________________________________________________
Executing Material Availability                                       | FAIL |
Parent suite setup failed:
Keyword 'SAP_Tcode_Library.Multiple Logon Handling' expected 1 argument, got 3.
------------------------------------------------------------------------------
Result                                                                | FAIL |
Parent suite setup failed:
Keyword 'SAP_Tcode_Library.Multiple Logon Handling' expected 1 argument, got 3.
------------------------------------------------------------------------------
Tests.Test Material Availability Description                          | FAIL |
Suite setup failed:
Keyword 'SAP_Tcode_Library.Multiple Logon Handling' expected 1 argument, got 3.

2 tests, 0 passed, 2 failed
==============================================================================
Tests :: Testing functionality through Robot Framework                | FAIL |
2 tests, 0 passed, 2 failed
==============================================================================
Output:  C:\EID_Replay\EID_Parry\Output\9c8a7f39-28de-4612-8e08-e237cb5a4610\pabot_results\0\Output.xml
