==============================================================================
Tests :: Testing functionality through Robot Framework                        
==============================================================================
Tests.Test Create Rental Invoice                                              
==============================================================================
Create the rental Invoice                                             **gbStart**Sales_Document_status**splitKeyValue**No Multiple Logon Exists**gbEnd**
Document 707326184 has been saved.
40026213
40026214
**gbStart**invoice_log**splitKeyValue**40026214 Document 707326184 has been saved.**gbEnd**
40026213
40026214
2
row is :0:IRN Generated
**gbStart**copilot_status_sheet**splitKeyValue**[{'Customer Reference (Header)': 'Demo - Rental Contra', 'Document Date': '2024-12-04', 'Sales document': '"40026213"', 'Net Value (Header)': 940.94, 'Document Currency': 'INR', 'Created by': 'BCSSUPPORT1', 'Sold-To Party Name': 'PARRY AGRO INDUSTRIES LTD', 'Billing Block Description': 'empty', 'Invoice Details': 'Document 707326183 has been saved.'}, {'Customer Reference (Header)': 'Demo - Rental Contra', 'Document Date': '2024-12-04', 'Sales document': '"40026214"', 'Net Value (Header)': 940.94, 'Document Currency': 'INR', 'Created by': 'BCSSUPPORT1', 'Sold-To Party Name': 'PARRY AGRO INDUSTRIES LTD', 'Billing Block Description': 'empty', 'Invoice Details': 'Document 707326184 has been saved.'}]**splitKeyValue**object**gbEnd**
| PASS |
------------------------------------------------------------------------------
Tests.Test Create Rental Invoice                                      | PASS |
1 test, 1 passed, 0 failed
==============================================================================
Tests :: Testing functionality through Robot Framework                | PASS |
1 test, 1 passed, 0 failed
==============================================================================
Output:  C:\EID_Replay\EID_Parry\Output\1065d34c-a5a2-449c-8e87-1bb6118bd9e0\pabot_results\0\Output.xml
