==============================================================================
Tests :: Testing functionality through Robot Framework                        
==============================================================================
Tests.Test Create Rental Invoice                                              
==============================================================================
Create the rental Invoice                                             Document 707326191 has been saved.
40026198
40026210
40026216
**gbStart**invoice_log**splitKeyValue**40026216 Document 707326191 has been saved.**gbEnd**
40026198
40026210
40026216
2
row is :0:Ready To be Sent
2
row is :0:IRN Generated
**gbStart**copilot_status_sheet**splitKeyValue**[{'Customer Reference (Header)': 'RENTAL', 'Document Date': '2024-11-28', 'Sales document': '40026198', 'Net Value (Header)': 2298.24, 'Document Currency': 'INR', 'Created by': 'BCSSUPPORT1', 'Sold-To Party Name': 'MURUGAPPA MANAGEMENT SERVICES', 'Billing Block Description': 'Compl Confirm Missng', 'Invoice Details': 'VF 014 The document is blocked for billing.'}, {'Customer Reference (Header)': 'Rental', 'Document Date': '2024-12-04', 'Sales document': '40026210', 'Net Value (Header)': 2064.96, 'Document Currency': 'INR', 'Created by': 'BCSSUPPORT1', 'Sold-To Party Name': 'PARRY AGRO INDUSTRIES LTD', 'Billing Block Description': nan, 'Invoice Details': 'VF 015 The item is blocked for billing.'}, {'Customer Reference (Header)': 'Demo - Rental Contra', 'Document Date': '2024-12-04', 'Sales document': '40026216', 'Net Value (Header)': 940.94, 'Document Currency': 'INR', 'Created by': 'ESHFFI03', 'Sold-To Party Name': 'PARRY AGRO INDUSTRIES LTD', 'Billing Block Description': nan, 'Invoice Details': 'Document 707326191 has been saved.'}]**splitKeyValue**object**gbEnd**
| PASS |
------------------------------------------------------------------------------
Tests.Test Create Rental Invoice                                      | PASS |
1 test, 1 passed, 0 failed
==============================================================================
Tests :: Testing functionality through Robot Framework                | PASS |
1 test, 1 passed, 0 failed
==============================================================================
Output:  C:\EID_Replay\EID_Parry\Output\1373b039-8699-40bd-a090-1f65e9dab839\pabot_results\0\Output.xml
