==============================================================================
Tests :: Testing functionality through Robot Framework                        
==============================================================================
Tests.Test VA45                                                               
==============================================================================
**gbStart**copilot_Sales_Document_status**splitKeyValue**Multiple logon found. Please terminate all the logon & proceed**gbEnd**
Display the rental documents                                            
  Traceback (most recent call last):
    ~~~~~~~~~~~~~~~~~~~~~~~~~~~~~~~~~~~~~~~~~~~~~~~~~~~~~~~~~~~~~~~~~~~~~~~~~~
    File  C:\EID_Replay\EID_Parry\Tests\Test_VA45.robot:9
    T:  Display the rental documents    
    ~~~~~~~~~~~~~~~~~~~~~~~~~~~~~~~~~~~~~~~~~~~~~~~~~~~~~~~~~~~~~~~~~~~~~~~~~~
    File  C:\EID_Replay\EID_Parry\Tests\Test_VA45.robot:10
      Rental Document    
    ~~~~~~~~~~~~~~~~~~~~~~~~~~~~~~~~~~~~~~~~~~~~~~~~~~~~~~~~~~~~~~~~~~~~~~~~~~
    File  C:\EID_Replay\EID_Parry\Tests\Resource\VA45.robot:31
      Run Transaction    /nVA45
______________________________________________________________________________
| FAIL |
com_error: (-2147417848, 'The object invoked has disconnected from its clients.', None, None)
------------------------------------------------------------------------------
  
  Traceback (most recent call last):
    ~~~~~~~~~~~~~~~~~~~~~~~~~~~~~~~~~~~~~~~~~~~~~~~~~~~~~~~~~~~~~~~~~~~~~~~~~~
    File  C:\EID_Replay\EID_Parry\Tests\Test_VA45.robot:4
      System Logout    
    ~~~~~~~~~~~~~~~~~~~~~~~~~~~~~~~~~~~~~~~~~~~~~~~~~~~~~~~~~~~~~~~~~~~~~~~~~~
    File  C:\EID_Replay\EID_Parry\Tests\Resource\VA45.robot:27
      Run Transaction    /nex
______________________________________________________________________________
Tests.Test VA45                                                       | FAIL |
Suite teardown failed:
com_error: (-2147417848, 'The object invoked has disconnected from its clients.', None, None)

1 test, 0 passed, 1 failed
==============================================================================
Tests :: Testing functionality through Robot Framework                | FAIL |
1 test, 0 passed, 1 failed
==============================================================================
Output:  C:\EID_Replay\EID_Parry\Output\399d19a4-83a9-4005-90e6-05d8c6c71338\pabot_results\0\Output.xml
