==============================================================================
Tests :: Testing functionality through Robot Framework                        
==============================================================================
Tests.Test VA42                                                               
==============================================================================
Releasing the contracts blocks                                        {'documents': ['4', '0', '0', '2', '5', '3', '2', '2', ',', '4', '0', '0', '2', '5', '3', '2', '4', ',', '4', '0', '0', '2', '5', '3', '2', '6']}
  
  Traceback (most recent call last):
    ~~~~~~~~~~~~~~~~~~~~~~~~~~~~~~~~~~~~~~~~~~~~~~~~~~~~~~~~~~~~~~~~~~~~~~~~~~
    File  C:\EID_Replay\EID_Parry\Tests\Test_VA42.robot:9
    T:  Releasing the contracts blocks    
    ~~~~~~~~~~~~~~~~~~~~~~~~~~~~~~~~~~~~~~~~~~~~~~~~~~~~~~~~~~~~~~~~~~~~~~~~~~
    File  C:\EID_Replay\EID_Parry\Tests\Test_VA42.robot:10
      Release Block    
    ~~~~~~~~~~~~~~~~~~~~~~~~~~~~~~~~~~~~~~~~~~~~~~~~~~~~~~~~~~~~~~~~~~~~~~~~~~
    File  C:\EID_Replay\EID_Parry\Tests\Resource\VA42.robot:31
      Input Text    wnd[0]/usr/ctxtVBAK-VBELN    ${symvar('documents')}
      |  ${symvar('documents')} = {'documents': ['4', '0', '0', '2', '5', '3', '2', '2', ',', '4', '0', '0', '2', '5', '3', '2', '4', ',', '4', '0', '0', '2', '5', '3', '2', '6']} (str)
______________________________________________________________________________
| FAIL |
AttributeError: Property '<unknown>.text' can not be set.
------------------------------------------------------------------------------
Tests.Test VA42                                                       | FAIL |
1 test, 0 passed, 1 failed
==============================================================================
Tests :: Testing functionality through Robot Framework                | FAIL |
1 test, 0 passed, 1 failed
==============================================================================
Output:  C:\EID_Replay\EID_Parry\Output\9b2a0338-3736-49dc-9a96-176138eaf97c\pabot_results\0\Output.xml
