==============================================================================
Tests :: Testing functionality through Robot Framework                        
==============================================================================
Tests.Test Material Availability Description                                  
==============================================================================
  
  Traceback (most recent call last):
    ~~~~~~~~~~~~~~~~~~~~~~~~~~~~~~~~~~~~~~~~~~~~~~~~~~~~~~~~~~~~~~~~~~~~~~~~~~
    File  C:\EID_Replay\EID_Parry\Tests\Test_Material_Availability_Description.robot:5
      System Logon    
    ~~~~~~~~~~~~~~~~~~~~~~~~~~~~~~~~~~~~~~~~~~~~~~~~~~~~~~~~~~~~~~~~~~~~~~~~~~
    File  C:\EID_Replay\EID_Parry\Tests\Resource\Material_Availability_Description.robot:26
      Start Process    ${symvar('MM_SAP_SERVER')}
      |  ${symvar('MM_SAP_SERVER')} =  (str)
______________________________________________________________________________
Executing Material Availability                                       | FAIL |
Parent suite setup failed:
OSError: [WinError 87] The parameter is incorrect
------------------------------------------------------------------------------
Result                                                                | FAIL |
Parent suite setup failed:
OSError: [WinError 87] The parameter is incorrect
------------------------------------------------------------------------------
  
  Traceback (most recent call last):
    ~~~~~~~~~~~~~~~~~~~~~~~~~~~~~~~~~~~~~~~~~~~~~~~~~~~~~~~~~~~~~~~~~~~~~~~~~~
    File  C:\EID_Replay\EID_Parry\Tests\Test_Material_Availability_Description.robot:6
      System Logout    
    ~~~~~~~~~~~~~~~~~~~~~~~~~~~~~~~~~~~~~~~~~~~~~~~~~~~~~~~~~~~~~~~~~~~~~~~~~~
    File  C:\EID_Replay\EID_Parry\Tests\Resource\Material_Availability_Description.robot:38
      Run Transaction    /nex
______________________________________________________________________________
Tests.Test Material Availability Description                          | FAIL |
Suite setup failed:
OSError: [WinError 87] The parameter is incorrect

Also suite teardown failed:
AttributeError: 'int' object has no attribute 'findById'

2 tests, 0 passed, 2 failed
==============================================================================
Tests :: Testing functionality through Robot Framework                | FAIL |
2 tests, 0 passed, 2 failed
==============================================================================
Output:  C:\EID_Replay\EID_Parry\Output\633ecdb9-bd2e-4935-b0e9-5e0710652d6a\pabot_results\0\Output.xml
