==============================================================================
Tests :: Testing functionality through Robot Framework                        
==============================================================================
Tests.Test custom excel                                                       
==============================================================================
Display Excel for output                                                
  Traceback (most recent call last):
    ~~~~~~~~~~~~~~~~~~~~~~~~~~~~~~~~~~~~~~~~~~~~~~~~~~~~~~~~~~~~~~~~~~~~~~~~~~
    File  C:\EID_Replay\EID_Parry\Tests\Test_custom_excel.robot:6
    T:  Display Excel for output    
    ~~~~~~~~~~~~~~~~~~~~~~~~~~~~~~~~~~~~~~~~~~~~~~~~~~~~~~~~~~~~~~~~~~~~~~~~~~
    File  C:\EID_Replay\EID_Parry\Tests\Test_custom_excel.robot:7
      delete the existing excel details    
    ~~~~~~~~~~~~~~~~~~~~~~~~~~~~~~~~~~~~~~~~~~~~~~~~~~~~~~~~~~~~~~~~~~~~~~~~~~
    File  C:\EID_Replay\EID_Parry\Tests\Resource\custom_excel.robot:65
      Evaluate    ${excel_row} + 1
      |  ${excel_row} + 1 = None + 1 (str)
______________________________________________________________________________
| FAIL |
Evaluating expression 'None + 1' failed: TypeError: unsupported operand type(s) for +: 'NoneType' and 'int'
------------------------------------------------------------------------------
Tests.Test custom excel                                               | FAIL |
1 test, 0 passed, 1 failed
==============================================================================
Tests :: Testing functionality through Robot Framework                | FAIL |
1 test, 0 passed, 1 failed
==============================================================================
Output:  C:\EID_Replay\EID_Parry\Output\b2987023-0054-43f1-a4b9-fa04a8694ba9\pabot_results\0\Output.xml
