==============================================================================
Tests :: Testing functionality through Robot Framework                        
==============================================================================
Tests.Test VA45                                                               
==============================================================================
Display the rental documents                                          rows needed to be deleted : [2, 4, 6, 7, 11, 14, 15, 16, 22, 31, 32, 33, 34, 41, 68]
  
  Traceback (most recent call last):
    ~~~~~~~~~~~~~~~~~~~~~~~~~~~~~~~~~~~~~~~~~~~~~~~~~~~~~~~~~~~~~~~~~~~~~~~~~~
    File  C:\EID_Replay\EID_Parry\Tests\Test_VA45.robot:9
    T:  Display the rental documents    
    ~~~~~~~~~~~~~~~~~~~~~~~~~~~~~~~~~~~~~~~~~~~~~~~~~~~~~~~~~~~~~~~~~~~~~~~~~~
    File  C:\EID_Replay\EID_Parry\Tests\Test_VA45.robot:10
      System Logon    
    ~~~~~~~~~~~~~~~~~~~~~~~~~~~~~~~~~~~~~~~~~~~~~~~~~~~~~~~~~~~~~~~~~~~~~~~~~~
    File  C:\EID_Replay\EID_Parry\Tests\Resource\VA45.robot:27
          
    ~~~~~~~~~~~~~~~~~~~~~~~~~~~~~~~~~~~~~~~~~~~~~~~~~~~~~~~~~~~~~~~~~~~~~~~~~~
    File  C:\EID_Replay\EID_Parry\Tests\Resource\VA45.robot:28
      Rental Document    
    ~~~~~~~~~~~~~~~~~~~~~~~~~~~~~~~~~~~~~~~~~~~~~~~~~~~~~~~~~~~~~~~~~~~~~~~~~~
    File  C:\EID_Replay\EID_Parry\Tests\Resource\VA45.robot:87
      Validate the open documents    
    ~~~~~~~~~~~~~~~~~~~~~~~~~~~~~~~~~~~~~~~~~~~~~~~~~~~~~~~~~~~~~~~~~~~~~~~~~~
    File  C:\EID_Replay\EID_Parry\Tests\Resource\VA45.robot:143
      Delete the rows    ${rows_to_delete}
      |  ${rows_to_delete} = [2, 4, 6, 7, 11, 14, 15, 16, 22, 31, 32, 33, 34, 41, 68] (list)
    ~~~~~~~~~~~~~~~~~~~~~~~~~~~~~~~~~~~~~~~~~~~~~~~~~~~~~~~~~~~~~~~~~~~~~~~~~~
    File  C:\EID_Replay\EID_Parry\Tests\Resource\VA45.robot:158
      ${h} IN RANGE [ 0 | ${row_length} ]    
    ~~~~~~~~~~~~~~~~~~~~~~~~~~~~~~~~~~~~~~~~~~~~~~~~~~~~~~~~~~~~~~~~~~~~~~~~~~
    File  C:\EID_Replay\EID_Parry\Tests\Resource\VA45.robot:158
      ${h} = 0    
    ~~~~~~~~~~~~~~~~~~~~~~~~~~~~~~~~~~~~~~~~~~~~~~~~~~~~~~~~~~~~~~~~~~~~~~~~~~
    File  C:\EID_Replay\EID_Parry\Tests\Resource\VA45.robot:159
      Evaluate    ${rows}[${row_length}] - ${h}
      |  ${rows}[${row_length}] - ${h} = <Unable to define variable value>
______________________________________________________________________________
| FAIL |
List '${rows}' has no item in index 15.
------------------------------------------------------------------------------
Tests.Test VA45                                                       | FAIL |
1 test, 0 passed, 1 failed
==============================================================================
Tests :: Testing functionality through Robot Framework                | FAIL |
1 test, 0 passed, 1 failed
==============================================================================
Output:  C:\EID_Replay\EID_Parry\Output\d382d5da-b391-4b7a-874b-048ed61cbb6f\pabot_results\0\Output.xml
