==============================================================================
Tests :: Testing functionality through Robot Framework                        
==============================================================================
Tests.Test Create Rental Invoice                                              
==============================================================================
Create the rental Invoice                                             **gbStart**Sales_Document_status**splitKeyValue**No Multiple Logon Exists**gbEnd**
Document 707326156 has been saved.
40026234
40026235
40026236
**gbStart**invoice_log**splitKeyValue**40026236 Document 707326156 has been saved.**gbEnd**
**gbStart**copilot_status_sheet**splitKeyValue**[{'Customer Reference (Header)': 'Demo - Rental Contra', 'Document Date': '2024-12-04', 'Sales document': '40026234', 'Sales document type': 'ZMV', 'Valid-To Date': '2025-11-30', 'Sold-To Party': 800597, 'Net Value (Header)': 940.94, 'Document Currency': 'INR', 'Created by': 'BCSSUPPORT1', 'Invoice Details': 'PARRY AGRO INDUSTRIES LTD', 'Unnamed: 10': 'Document 707326154 has been saved.'}, {'Customer Reference (Header)': 'Demo - Rental Contra', 'Document Date': '2024-12-04', 'Sales document': '40026235', 'Sales document type': 'ZMV', 'Valid-To Date': '2025-11-30', 'Sold-To Party': 800597, 'Net Value (Header)': 940.94, 'Document Currency': 'INR', 'Created by': 'BCSSUPPORT1', 'Invoice Details': 'PARRY AGRO INDUSTRIES LTD', 'Unnamed: 10': 'Document 707326155 has been saved.'}, {'Customer Reference (Header)': 'Demo - Rental Contra', 'Document Date': '2024-12-04', 'Sales document': '40026236', 'Sales document type': 'ZMV', 'Valid-To Date': '2025-11-30', 'Sold-To Party': 800597, 'Net Value (Header)': 940.94, 'Document Currency': 'INR', 'Created by': 'BCSSUPPORT1', 'Invoice Details': 'PARRY AGRO INDUSTRIES LTD', 'Unnamed: 10': 'Document 707326156 has been saved.'}]**splitKeyValue**object**gbEnd**
| PASS |
------------------------------------------------------------------------------
Tests.Test Create Rental Invoice                                      | PASS |
1 test, 1 passed, 0 failed
==============================================================================
Tests :: Testing functionality through Robot Framework                | PASS |
1 test, 1 passed, 0 failed
==============================================================================
Output:  C:\EID_Replay\EID_Parry\Output\be4ee4b2-734c-4c9a-8505-a0886546208f\pabot_results\0\Output.xml
