==============================================================================
Tests :: Testing functionality through Robot Framework                        
==============================================================================
Tests.Test VA42                                                               
==============================================================================
Releasing the contracts blocks                                          
  Traceback (most recent call last):
    ~~~~~~~~~~~~~~~~~~~~~~~~~~~~~~~~~~~~~~~~~~~~~~~~~~~~~~~~~~~~~~~~~~~~~~~~~~
    File  C:\EID_Replay\EID_Parry\Tests\Test_VA42.robot:9
    T:  Releasing the contracts blocks    
    ~~~~~~~~~~~~~~~~~~~~~~~~~~~~~~~~~~~~~~~~~~~~~~~~~~~~~~~~~~~~~~~~~~~~~~~~~~
    File  C:\EID_Replay\EID_Parry\Tests\Test_VA42.robot:10
      Release Block    
    ~~~~~~~~~~~~~~~~~~~~~~~~~~~~~~~~~~~~~~~~~~~~~~~~~~~~~~~~~~~~~~~~~~~~~~~~~~
    File  C:\EID_Replay\EID_Parry\Tests\Resource\VA42.robot:26
      Extract Dates    json_string=${symvar('DateContent')}
      |  json_string=${symvar('DateContent')} = json_string= (str)
______________________________________________________________________________
| FAIL |
TypeError: string indices must be integers, not 'str'
------------------------------------------------------------------------------
Tests.Test VA42                                                       | FAIL |
1 test, 0 passed, 1 failed
==============================================================================
Tests :: Testing functionality through Robot Framework                | FAIL |
1 test, 0 passed, 1 failed
==============================================================================
Output:  C:\EID_Replay\EID_Parry\Output\ec396725-2f53-432a-b6be-7dbc18666af8\pabot_results\0\Output.xml
