==============================================================================
Tests :: Testing functionality through Robot Framework                        
==============================================================================
Tests.Test custom excel                                                       
==============================================================================
Display Excel for output                                              column 4 deleted
column 4 deleted
column 4 deleted
document no is :40025331
document no is :40025332
document no is :40025940
document no is :40026531
document no is :40026699
document no is :40027077
document no is :40027079
document no is :40027081
document no is :40027082
document no is :40027085
| PASS |
------------------------------------------------------------------------------
Tests.Test custom excel                                               | PASS |
1 test, 1 passed, 0 failed
==============================================================================
Tests :: Testing functionality through Robot Framework                | PASS |
1 test, 1 passed, 0 failed
==============================================================================
Output:  C:\EID_Replay\EID_Parry\Output\a50d75af-0e69-4f51-9256-b713b1acca48\pabot_results\0\Output.xml
