==============================================================================
Tests :: Testing functionality through Robot Framework                        
==============================================================================
Tests.Test Create Rental Invoice                                              
==============================================================================
Create the rental Invoice                                             Document 707350872 has been saved.
  
  Traceback (most recent call last):
    ~~~~~~~~~~~~~~~~~~~~~~~~~~~~~~~~~~~~~~~~~~~~~~~~~~~~~~~~~~~~~~~~~~~~~~~~~~
    File  C:\EID_Replay\EID_Parry\Tests\Test_Create_Rental_Invoice.robot:8
    T:  Create the rental Invoice    
    ~~~~~~~~~~~~~~~~~~~~~~~~~~~~~~~~~~~~~~~~~~~~~~~~~~~~~~~~~~~~~~~~~~~~~~~~~~
    File  C:\EID_Replay\EID_Parry\Tests\Test_Create_Rental_Invoice.robot:9
      Create Rental Invoice and download pdf    
    ~~~~~~~~~~~~~~~~~~~~~~~~~~~~~~~~~~~~~~~~~~~~~~~~~~~~~~~~~~~~~~~~~~~~~~~~~~
    File  C:\EID_Replay\EID_Parry\Tests\Resource\create_rental_invoice.robot:52
          
    ~~~~~~~~~~~~~~~~~~~~~~~~~~~~~~~~~~~~~~~~~~~~~~~~~~~~~~~~~~~~~~~~~~~~~~~~~~
    File  C:\EID_Replay\EID_Parry\Tests\Resource\create_rental_invoice.robot:53
      Rental Invoice    
    ~~~~~~~~~~~~~~~~~~~~~~~~~~~~~~~~~~~~~~~~~~~~~~~~~~~~~~~~~~~~~~~~~~~~~~~~~~
    File  C:\EID_Replay\EID_Parry\Tests\Resource\create_rental_invoice.robot:66
          
    ~~~~~~~~~~~~~~~~~~~~~~~~~~~~~~~~~~~~~~~~~~~~~~~~~~~~~~~~~~~~~~~~~~~~~~~~~~
    File  C:\EID_Replay\EID_Parry\Tests\Resource\create_rental_invoice.robot:101
      '${status}' == 'Please check the log.'    
    ~~~~~~~~~~~~~~~~~~~~~~~~~~~~~~~~~~~~~~~~~~~~~~~~~~~~~~~~~~~~~~~~~~~~~~~~~~
    File  C:\EID_Replay\EID_Parry\Tests\Resource\create_rental_invoice.robot:113
      Write the status into excel    ${symvar('documents')}    ${output}
      |  ${symvar('documents')} = 40025331 (str)
      |  ${output} = <Unable to define variable value>
    ~~~~~~~~~~~~~~~~~~~~~~~~~~~~~~~~~~~~~~~~~~~~~~~~~~~~~~~~~~~~~~~~~~~~~~~~~~
    File  C:\EID_Replay\EID_Parry\Tests\Resource\create_rental_invoice.robot:176
      Evaluate    ${row_count} + 1
      |  ${row_count} + 1 = None + 1 (str)
______________________________________________________________________________
| FAIL |
Evaluating expression 'None + 1' failed: TypeError: unsupported operand type(s) for +: 'NoneType' and 'int'
------------------------------------------------------------------------------
Tests.Test Create Rental Invoice                                      | FAIL |
1 test, 0 passed, 1 failed
==============================================================================
Tests :: Testing functionality through Robot Framework                | FAIL |
1 test, 0 passed, 1 failed
==============================================================================
Output:  C:\EID_Replay\EID_Parry\Output\d0e3c418-7d50-42d7-ae0e-1bae15e4e2d0\pabot_results\0\Output.xml
