==============================================================================
Tests :: Testing functionality through Robot Framework                        
==============================================================================
Tests.Test Create Rental Invoice                                              
==============================================================================
Create the rental Invoice                                             **gbStart**Sales_Document_status**splitKeyValue**No Multiple Logon Exists**gbEnd**
Document 707326142 has been saved.
**gbStart**copilot_status_invoicelog**splitKeyValue**40025940 Document 707326142 has been saved.**gbEnd**
**gbStart**Sales_Document_status**splitKeyValue**No Multiple Logon Exists**gbEnd**
For 40025940 No billing documents were generated. Please see log.
**gbStart**copilot_status_error_log**splitKeyValue**40025940 VF 142 Date <VAR1> has already been billed (billing plan).**gbEnd**
**gbStart**copilot_status_sheet**splitKeyValue**[{'Customer Reference (Header)': 'RENTAL', 'Document Date': '2024-03-28', 'Sales document': '40025408', 'Sales document type': 'ZMV', 'Valid-To Date': '2025-01-31', 'Sold-To Party': 812158, 'Net Value (Header)': 2814434.26, 'Document Currency': 'INR', 'Created by': 'ESHFFI03', 'Invoice Details': 'COROMANDEL INTERNATIONAL LIMITED', 'Unnamed: 10': nan}, {'Customer Reference (Header)': 'RENTAL', 'Document Date': '2024-04-17', 'Sales document': '40025497', 'Sales document type': 'ZMV', 'Valid-To Date': '2025-02-28', 'Sold-To Party': 277306, 'Net Value (Header)': 297000.0, 'Document Currency': 'INR', 'Created by': 'ESHFFI03', 'Invoice Details': 'RELIANCE JIO INFOCOM LTD.,', 'Unnamed: 10': nan}, {'Customer Reference (Header)': 'RENTAL', 'Document Date': '2024-06-24', 'Sales document': '40025940', 'Sales document type': 'ZMV', 'Valid-To Date': '2025-01-31', 'Sold-To Party': 32254, 'Net Value (Header)': 1261701.6, 'Document Currency': 'INR', 'Created by': 'ESHFFI03', 'Invoice Details': 'Cholamandalam MS Risk Services Limited', 'Unnamed: 10': nan}]**splitKeyValue**object**gbEnd**
**gbStart**copilot_status_sheet**splitKeyValue**[{'Customer Reference (Header)': 'RENTAL', 'Document Date': '2024-03-28', 'Sales document': '40025408', 'Sales document type': 'ZMV', 'Valid-To Date': '2025-01-31', 'Sold-To Party': 812158, 'Net Value (Header)': 2814434.26, 'Document Currency': 'INR', 'Created by': 'ESHFFI03', 'Invoice Details': 'COROMANDEL INTERNATIONAL LIMITED', 'Unnamed: 10': nan}, {'Customer Reference (Header)': 'RENTAL', 'Document Date': '2024-04-17', 'Sales document': '40025497', 'Sales document type': 'ZMV', 'Valid-To Date': '2025-02-28', 'Sold-To Party': 277306, 'Net Value (Header)': 297000.0, 'Document Currency': 'INR', 'Created by': 'ESHFFI03', 'Invoice Details': 'RELIANCE JIO INFOCOM LTD.,', 'Unnamed: 10': nan}, {'Customer Reference (Header)': 'RENTAL', 'Document Date': '2024-06-24', 'Sales document': '40025940', 'Sales document type': 'ZMV', 'Valid-To Date': '2025-01-31', 'Sold-To Party': 32254, 'Net Value (Header)': 1261701.6, 'Document Currency': 'INR', 'Created by': 'ESHFFI03', 'Invoice Details': 'Cholamandalam MS Risk Services Limited', 'Unnamed: 10': nan}]**splitKeyValue**object**gbEnd**
| PASS |
------------------------------------------------------------------------------
Tests.Test Create Rental Invoice                                      | PASS |
1 test, 1 passed, 0 failed
==============================================================================
Tests :: Testing functionality through Robot Framework                | PASS |
1 test, 1 passed, 0 failed
==============================================================================
Output:  C:\EID_Replay\EID_Parry\Output\8f7f9185-e85f-41ed-aea5-6d2abcc267cd\pabot_results\0\Output.xml
