==============================================================================
Tests :: Testing functionality through Robot Framework                        
==============================================================================
Tests.Test Material Availability Description                                  
==============================================================================
Monthly Compliance Reports                                            ma completed
| PASS |
------------------------------------------------------------------------------
Result                                                                Material Availability Unresticted Data
  
  Traceback (most recent call last):
    ~~~~~~~~~~~~~~~~~~~~~~~~~~~~~~~~~~~~~~~~~~~~~~~~~~~~~~~~~~~~~~~~~~~~~~~~~~
    File  C:\EID_Replay\EID_Parry\Tests\Test_Material_Availability_Description.robot:16
    T:  Result    
    ~~~~~~~~~~~~~~~~~~~~~~~~~~~~~~~~~~~~~~~~~~~~~~~~~~~~~~~~~~~~~~~~~~~~~~~~~~
    File  C:\EID_Replay\EID_Parry\Tests\Test_Material_Availability_Description.robot:17
      Result    
    ~~~~~~~~~~~~~~~~~~~~~~~~~~~~~~~~~~~~~~~~~~~~~~~~~~~~~~~~~~~~~~~~~~~~~~~~~~
    File  C:\EID_Replay\EID_Parry\Tests\Resource\Material_Availability_Description.robot:80
      Material Availability Description    ${input_filepath}    ${symvar('Material')}    ${result_filepath}
      |  ${input_filepath} = C:\tmp\\MM_Materials_MB52.xlsx (str)
      |  ${symvar('Material')} = SUGAR S30 50KG-WHITE (str)
      |  ${result_filepath} = C:\tmp\\MM_Availability.xlsx (str)
______________________________________________________________________________
| FAIL |
ValueError: Excel file format cannot be determined, you must specify an engine manually.
------------------------------------------------------------------------------
Tests.Test Material Availability Description                          | FAIL |
2 tests, 1 passed, 1 failed
==============================================================================
Tests :: Testing functionality through Robot Framework                | FAIL |
2 tests, 1 passed, 1 failed
==============================================================================
Output:  C:\EID_Replay\EID_Parry\Output\d7675774-49ca-4b04-b8a0-6b2ff14b7a15\pabot_results\0\Output.xml
