==============================================================================
Tests :: Testing functionality through Robot Framework                        
==============================================================================
Tests.Test Material Availability Description                                  
==============================================================================
Monthly Compliance Reports                                              
  Traceback (most recent call last):
    ~~~~~~~~~~~~~~~~~~~~~~~~~~~~~~~~~~~~~~~~~~~~~~~~~~~~~~~~~~~~~~~~~~~~~~~~~~
    File  C:\EID_Replay\EID_Parry\Tests\Test_Material_Availability_Description.robot:9
    T:  Monthly Compliance Reports    
    ~~~~~~~~~~~~~~~~~~~~~~~~~~~~~~~~~~~~~~~~~~~~~~~~~~~~~~~~~~~~~~~~~~~~~~~~~~
    File  C:\EID_Replay\EID_Parry\Tests\Test_Material_Availability_Description.robot:10
      System Logon    
    ~~~~~~~~~~~~~~~~~~~~~~~~~~~~~~~~~~~~~~~~~~~~~~~~~~~~~~~~~~~~~~~~~~~~~~~~~~
    File  C:\EID_Replay\EID_Parry\Tests\Resource\Material_Availability_Description.robot:29
      Open Connection    ${symvar('MM_SAP_connection')}
      |  ${symvar('MM_SAP_connection')} = EID sandbox (str)
______________________________________________________________________________
| FAIL |
com_error: (-2147352567, 'Exception occurred.', (614, 'saplogon', 'The enumerator of the collection cannot find an element with the specified index.', 'C:\\Program Files (x86)\\SAP\\FrontEnd\\SAPgui\\saplogon.HLP', 393215, 0), None)
------------------------------------------------------------------------------
Result                                                                Material Availability Unresticted Data
  
  Traceback (most recent call last):
    ~~~~~~~~~~~~~~~~~~~~~~~~~~~~~~~~~~~~~~~~~~~~~~~~~~~~~~~~~~~~~~~~~~~~~~~~~~
    File  C:\EID_Replay\EID_Parry\Tests\Test_Material_Availability_Description.robot:16
    T:  Result    
    ~~~~~~~~~~~~~~~~~~~~~~~~~~~~~~~~~~~~~~~~~~~~~~~~~~~~~~~~~~~~~~~~~~~~~~~~~~
    File  C:\EID_Replay\EID_Parry\Tests\Test_Material_Availability_Description.robot:17
      Result    
    ~~~~~~~~~~~~~~~~~~~~~~~~~~~~~~~~~~~~~~~~~~~~~~~~~~~~~~~~~~~~~~~~~~~~~~~~~~
    File  C:\EID_Replay\EID_Parry\Tests\Resource\Material_Availability_Description.robot:80
      Material Availability Description    ${input_filepath}    ${symvar('Material')}    ${result_filepath}
      |  ${input_filepath} = C:\tmp\\MM_Materials_MB52.xlsx (str)
      |  ${symvar('Material')} = SUGAR S30 50KG-WHITE (str)
      |  ${result_filepath} = C:\tmp\\MM_Availability.xlsx (str)
______________________________________________________________________________
| FAIL |
FileNotFoundError: [Errno 2] No such file or directory: 'C:\\tmp\\\\MM_Materials_MB52.xlsx'
------------------------------------------------------------------------------
  
  Traceback (most recent call last):
    ~~~~~~~~~~~~~~~~~~~~~~~~~~~~~~~~~~~~~~~~~~~~~~~~~~~~~~~~~~~~~~~~~~~~~~~~~~
    File  C:\EID_Replay\EID_Parry\Tests\Test_Material_Availability_Description.robot:6
      System Logout    
    ~~~~~~~~~~~~~~~~~~~~~~~~~~~~~~~~~~~~~~~~~~~~~~~~~~~~~~~~~~~~~~~~~~~~~~~~~~
    File  C:\EID_Replay\EID_Parry\Tests\Resource\Material_Availability_Description.robot:45
      Run Transaction    /nex
______________________________________________________________________________
Tests.Test Material Availability Description                          | FAIL |
Suite teardown failed:
AttributeError: 'int' object has no attribute 'findById'

2 tests, 0 passed, 2 failed
==============================================================================
Tests :: Testing functionality through Robot Framework                | FAIL |
2 tests, 0 passed, 2 failed
==============================================================================
Output:  C:\EID_Replay\EID_Parry\Output\deae6a3a-e22a-4c22-ae3f-037ea56b6e1f\pabot_results\0\Output.xml
