==============================================================================
Tests :: Testing functionality through Robot Framework                        
==============================================================================
Tests.Test VA42                                                               
==============================================================================
Releasing the contracts blocks                                        ['40025331', '40025332', '40025408']
  
  Traceback (most recent call last):
    ~~~~~~~~~~~~~~~~~~~~~~~~~~~~~~~~~~~~~~~~~~~~~~~~~~~~~~~~~~~~~~~~~~~~~~~~~~
    File  C:\EID_Replay\EID_Parry\Tests\Test_VA42.robot:9
    T:  Releasing the contracts blocks    
    ~~~~~~~~~~~~~~~~~~~~~~~~~~~~~~~~~~~~~~~~~~~~~~~~~~~~~~~~~~~~~~~~~~~~~~~~~~
    File  C:\EID_Replay\EID_Parry\Tests\Test_VA42.robot:10
      Release Block    
    ~~~~~~~~~~~~~~~~~~~~~~~~~~~~~~~~~~~~~~~~~~~~~~~~~~~~~~~~~~~~~~~~~~~~~~~~~~
    File  C:\EID_Replay\EID_Parry\Tests\Resource\VA42.robot:31
      Input Text    wnd[0]/usr/ctxtVBAK-VBELN    ${symvar('documents')}
      |  ${symvar('documents')} = ['40025331', '40025332', '40025408'] (list)
______________________________________________________________________________
| FAIL |
AttributeError: Property '<unknown>.text' can not be set.
------------------------------------------------------------------------------
Tests.Test VA42                                                       | FAIL |
1 test, 0 passed, 1 failed
==============================================================================
Tests :: Testing functionality through Robot Framework                | FAIL |
1 test, 0 passed, 1 failed
==============================================================================
Output:  C:\EID_Replay\EID_Parry\Output\269b283c-7834-45f1-b13c-934853f9a5c9\pabot_results\0\Output.xml
