==============================================================================
Tests :: Testing functionality through Robot Framework                        
==============================================================================
Tests.Test custom excel                                                       
==============================================================================
Display Excel for output                                              document no is :40025324
document no is :40025322
document no is :40025327
document no is :40025328
document no is :40025329
document no is :40026231
| PASS |
------------------------------------------------------------------------------
Tests.Test custom excel                                               | PASS |
1 test, 1 passed, 0 failed
==============================================================================
Tests :: Testing functionality through Robot Framework                | PASS |
1 test, 1 passed, 0 failed
==============================================================================
Output:  C:\EID_Replay\EID_Parry\Output\3e655f32-1c97-445a-8ae5-90d5fb73a132\pabot_results\0\Output.xml
