==============================================================================
Tests :: Testing functionality through Robot Framework                        
==============================================================================
Tests.Test Create Rental Invoice                                              
==============================================================================
Create the rental Invoice                                             Document 707357043 has been saved.
40025323
40025325
40025326
40025328
40025330
40027081
40027077
**gbStart**invoice_log**splitKeyValue**40025325 Document 707357043 has been saved.**gbEnd**
40025323
40025325
40025326
40025328
40025330
40027081
40027077
2
row is :0:IRN Generated
**gbStart**copilot_status_sheet**splitKeyValue**[{'Customer Reference (Header)': 'RENTAL', 'Document Date': '2024-03-22', 'Sales document': '40025323', 'Net Value (Header)': 1265428.78, 'Document Currency': 'INR', 'Created by': 'EECFFI91', 'Sold-To Party Name': 'NEW AMBADI ESTATES PRIVATE LTD', 'Billing Block Description': 'empty', 'Invoice Details': 'Invoice is created 707357042 with E-Invoice error'}, {'Customer Reference (Header)': 'RENTAL', 'Document Date': '2024-03-22', 'Sales document': '40025325', 'Net Value (Header)': 184213.48, 'Document Currency': 'INR', 'Created by': 'EECFFI91', 'Sold-To Party Name': 'CHOLA PEOPLE AND MARKETING', 'Billing Block Description': 'empty', 'Invoice Details': 'Document 707357043 has been saved.'}, {'Customer Reference (Header)': 'RENTAL', 'Document Date': '2024-03-22', 'Sales document': '40025326', 'Net Value (Header)': 16724372.28, 'Document Currency': 'INR', 'Created by': 'ESHFFI03', 'Sold-To Party Name': 'CARBORUNDUM UNIVERSAL LTD', 'Billing Block Description': 'empty', 'Invoice Details': 'empty'}, {'Customer Reference (Header)': 'RENTAL', 'Document Date': '2024-03-22', 'Sales document': '40025328', 'Net Value (Header)': 3914658.22, 'Document Currency': 'INR', 'Created by': 'ESHFFI03', 'Sold-To Party Name': 'NET ACCESS INDIA  LTD', 'Billing Block Description': 'empty', 'Invoice Details': 'empty'}, {'Customer Reference (Header)': 'RENTAL', 'Document Date': '2024-03-22', 'Sales document': '40025330', 'Net Value (Header)': 26216309.9, 'Document Currency': 'INR', 'Created by': 'ESHFFI03', 'Sold-To Party Name': 'MURUGAPPA MANAGEMENT SERVICES', 'Billing Block Description': 'empty', 'Invoice Details': 'empty'}, {'Customer Reference (Header)': 'RENTAL INVOICE', 'Document Date': '2024-12-27', 'Sales document': '40027081', 'Net Value (Header)': 4252500.0, 'Document Currency': 'INR', 'Created by': 'EECFFI91', 'Sold-To Party Name': 'M M Muthiah', 'Billing Block Description': 'empty', 'Invoice Details': 'empty'}, {'Customer Reference (Header)': 'RENTAL INVOICE', 'Document Date': '2024-12-26', 'Sales document': '40027077', 'Net Value (Header)': 5750000.0, 'Document Currency': 'INR', 'Created by': 'EECFFI91', 'Sold-To Party Name': 'CHOLAYIL PRIVATE LIMITED', 'Billing Block Description': 'empty', 'Invoice Details': 'empty'}]**splitKeyValue**object**gbEnd**
| PASS |
------------------------------------------------------------------------------
Tests.Test Create Rental Invoice                                      | PASS |
1 test, 1 passed, 0 failed
==============================================================================
Tests :: Testing functionality through Robot Framework                | PASS |
1 test, 1 passed, 0 failed
==============================================================================
Output:  C:\EID_Replay\EID_Parry\Output\949e7cb9-a0e1-43b5-b967-6747466c130e\pabot_results\0\Output.xml
