==============================================================================
Tests :: Testing functionality through Robot Framework                        
==============================================================================
Tests.Test VA42                                                               
==============================================================================
Releasing the contracts blocks                                          
  Traceback (most recent call last):
    ~~~~~~~~~~~~~~~~~~~~~~~~~~~~~~~~~~~~~~~~~~~~~~~~~~~~~~~~~~~~~~~~~~~~~~~~~~
    File  C:\EID_Replay\EID_Parry\Tests\Test_VA42.robot:9
    T:  Releasing the contracts blocks    
    ~~~~~~~~~~~~~~~~~~~~~~~~~~~~~~~~~~~~~~~~~~~~~~~~~~~~~~~~~~~~~~~~~~~~~~~~~~
    File  C:\EID_Replay\EID_Parry\Tests\Test_VA42.robot:10
      Release Block    
    ~~~~~~~~~~~~~~~~~~~~~~~~~~~~~~~~~~~~~~~~~~~~~~~~~~~~~~~~~~~~~~~~~~~~~~~~~~
    File  C:\EID_Replay\EID_Parry\Tests\Resource\VA42.robot:41
      ${i} IN RANGE [ 0 | ${row} ]    
    ~~~~~~~~~~~~~~~~~~~~~~~~~~~~~~~~~~~~~~~~~~~~~~~~~~~~~~~~~~~~~~~~~~~~~~~~~~
    File  C:\EID_Replay\EID_Parry\Tests\Resource\VA42.robot:41
      ${i} = 8    
    ~~~~~~~~~~~~~~~~~~~~~~~~~~~~~~~~~~~~~~~~~~~~~~~~~~~~~~~~~~~~~~~~~~~~~~~~~~
    File  C:\EID_Replay\EID_Parry\Tests\Resource\VA42.robot:45
      '${date}' == '${Rental_Start_Date}'    
    ~~~~~~~~~~~~~~~~~~~~~~~~~~~~~~~~~~~~~~~~~~~~~~~~~~~~~~~~~~~~~~~~~~~~~~~~~~
    File  C:\EID_Replay\EID_Parry\Tests\Resource\VA42.robot:46
      Process rental invoice    
    ~~~~~~~~~~~~~~~~~~~~~~~~~~~~~~~~~~~~~~~~~~~~~~~~~~~~~~~~~~~~~~~~~~~~~~~~~~
    File  C:\EID_Replay\EID_Parry\Tests\Resource\VA42.robot:54
      Input Text    wnd[0]/usr/ctxtFPLT-FAKSP    ${EMPTY }
      |  ${EMPTY } =  (str)
______________________________________________________________________________
| FAIL |
AttributeError: Property '<unknown>.text' can not be set.
------------------------------------------------------------------------------
Tests.Test VA42                                                       | FAIL |
1 test, 0 passed, 1 failed
==============================================================================
Tests :: Testing functionality through Robot Framework                | FAIL |
1 test, 0 passed, 1 failed
==============================================================================
Output:  C:\EID_Replay\EID_Parry\Output\bec956ca-7e97-4d8d-a6d7-0133b00e298a\pabot_results\0\Output.xml
