==============================================================================
Tests :: Testing functionality through Robot Framework                        
==============================================================================
Tests.Test Create Rental Invoice                                              
==============================================================================
Create the rental Invoice                                             For 40026210 No billing documents were generated. Please see log.
40026198
40026210
40026216
**gbStart**invoice_log**splitKeyValue**40026210 VF 015 The item is blocked for billing.**gbEnd**
**gbStart**copilot_status_sheet**splitKeyValue**[{'Customer Reference (Header)': 'RENTAL', 'Document Date': '2024-11-28', 'Sales document': '40026198', 'Net Value (Header)': 2298.24, 'Document Currency': 'INR', 'Created by': 'BCSSUPPORT1', 'Sold-To Party Name': 'MURUGAPPA MANAGEMENT SERVICES', 'Billing Block Description': 'Compl Confirm Missng', 'Invoice Details': 'VF 014 The document is blocked for billing.'}, {'Customer Reference (Header)': 'Rental', 'Document Date': '2024-12-04', 'Sales document': '40026210', 'Net Value (Header)': 2064.96, 'Document Currency': 'INR', 'Created by': 'BCSSUPPORT1', 'Sold-To Party Name': 'PARRY AGRO INDUSTRIES LTD', 'Billing Block Description': nan, 'Invoice Details': 'VF 015 The item is blocked for billing.'}, {'Customer Reference (Header)': 'Demo - Rental Contra', 'Document Date': '2024-12-04', 'Sales document': '40026216', 'Net Value (Header)': 940.94, 'Document Currency': 'INR', 'Created by': 'BCSSUPPORT1', 'Sold-To Party Name': 'PARRY AGRO INDUSTRIES LTD', 'Billing Block Description': nan, 'Invoice Details': nan}]**splitKeyValue**object**gbEnd**
| PASS |
------------------------------------------------------------------------------
Tests.Test Create Rental Invoice                                      | PASS |
1 test, 1 passed, 0 failed
==============================================================================
Tests :: Testing functionality through Robot Framework                | PASS |
1 test, 1 passed, 0 failed
==============================================================================
Output:  C:\EID_Replay\EID_Parry\Output\f18b8417-820b-4ee2-b94c-0a9f0f990894\pabot_results\0\Output.xml
